<?xml version="1.0" encoding="UTF-8"?>
<testsuite name="Matchers" tests="1" skipped="0" failures="0" errors="0" timestamp="2025-03-09T19:28:17" hostname="HOME-PC" time="0.119">
  <properties/>
  <testcase name="testGetRide()" classname="Matchers" time="0.119"/>
  <system-out><![CDATA[]]></system-out>
  <system-err><![CDATA[]]></system-err>
</testsuite>
