<?xml version="1.0" encoding="UTF-8"?>
<testsuite name="MethodsTest" tests="1" skipped="0" failures="0" errors="0" timestamp="2025-02-16T16:30:27" hostname="HOME-PC" time="0.077">
  <properties/>
  <testcase name="testGet()" classname="MethodsTest" time="0.077"/>
  <system-out><![CDATA[oooops
]]></system-out>
  <system-err><![CDATA[]]></system-err>
</testsuite>
