<?xml version="1.0" encoding="UTF-8"?>
<testsuite name="SomeClassTest" tests="1" skipped="0" failures="0" errors="0" timestamp="2025-03-09T16:42:22" hostname="WIN-8UNECQMIDTF" time="0.002">
  <properties/>
  <testcase name="testSum()" classname="SomeClassTest" time="0.002"/>
  <system-out><![CDATA[]]></system-out>
  <system-err><![CDATA[]]></system-err>
</testsuite>
